<?xml version="1.0" encoding="UTF-8" ?>
<testsuites>
<testsuite name="sum" errors="0" tests="1" failures="0" time="0.018" timestamp="2014-12-25T21:05:56">
  <testcase classname="sum" name="adds 1 + 2 to equal 3" time="0.017"></testcase>
</testsuite>
</testsuites>